<?xml version="1.0" encoding="UTF-8" ?>
<testsuite tests="1" failures="0" name="test.TestEntidadPersona" time="5.166" errors="1" skipped="0">
  <properties>
[...]
</properties>
  <testcase classname="test.TestEntidadPersona" name="testPersonaEntity" time="2.49">
    <error message="Exception [EclipseLink-4002] (Eclipse Persistence Services - 2.6.1.v20150605-31e8258): org.eclipse.persistence.exceptions.DatabaseException
Internal Exception: com.mysql.jdbc.exceptions.jdbc4.MySQLIntegrityConstraintViolationException: Duplicate entry &apos;ogomez@mail.com.mx34567&apos; for key &apos;email_UNIQUE&apos;
Error Code: 1062
Call: INSERT INTO PERSONA (apellido_materno, apellido_paterno, EMAIL, NOMBRE, TELEFONO) VALUES (?, ?, ?, ?, ?)
	bind =&gt; [Larios, Gomez, ogomez@mail.com.mx34567, Oscar, 55780109]
Query: InsertObjectQuery(Persona [idPersona=null, nombre=Oscar, apePaterno=Gomez, apeMaterno=Larios, email=ogomez@mail.com.mx34567, telefono=55780109])" type="javax.persistence.RollbackException">javax.persistence.RollbackException: Exception [EclipseLink-4002] (Eclipse Persistence Services - 2.6.1.v20150605-31e8258): org.eclipse.persistence.exceptions.DatabaseException
Internal Exception: com.mysql.jdbc.exceptions.jdbc4.MySQLIntegrityConstraintViolationException: Duplicate entry &apos;ogomez@mail.com.mx34567&apos; for key &apos;email_UNIQUE&apos;
Error Code: 1062
Call: INSERT INTO PERSONA (apellido_materno, apellido_paterno, EMAIL, NOMBRE, TELEFONO) VALUES (?, ?, ?, ?, ?)
	bind =&gt; [Larios, Gomez, ogomez@mail.com.mx34567, Oscar, 55780109]
Query: InsertObjectQuery(Persona [idPersona=null, nombre=Oscar, apePaterno=Gomez, apeMaterno=Larios, email=ogomez@mail.com.mx34567, telefono=55780109])
	at org.eclipse.persistence.internal.jpa.transaction.EntityTransactionImpl.commit(EntityTransactionImpl.java:159)
	at test.TestEntidadPersona.testPersonaEntity(TestEntidadPersona.java:53)
	at sun.reflect.NativeMethodAccessorImpl.invoke0(Native Method)
	at sun.reflect.NativeMethodAccessorImpl.invoke(NativeMethodAccessorImpl.java:62)
	at sun.reflect.DelegatingMethodAccessorImpl.invoke(DelegatingMethodAccessorImpl.java:43)
	at java.lang.reflect.Method.invoke(Method.java:498)
	at org.junit.runners.model.FrameworkMethod$1.runReflectiveCall(FrameworkMethod.java:50)
	at org.junit.internal.runners.model.ReflectiveCallable.run(ReflectiveCallable.java:12)
	at org.junit.runners.model.FrameworkMethod.invokeExplosively(FrameworkMethod.java:47)
	at org.junit.internal.runners.statements.InvokeMethod.evaluate(InvokeMethod.java:17)
	at org.junit.internal.runners.statements.RunBefores.evaluate(RunBefores.java:26)
	at org.junit.internal.runners.statements.RunAfters.evaluate(RunAfters.java:27)
	at org.junit.runners.ParentRunner.runLeaf(ParentRunner.java:325)
	at org.junit.runners.BlockJUnit4ClassRunner.runChild(BlockJUnit4ClassRunner.java:78)
	at org.junit.runners.BlockJUnit4ClassRunner.runChild(BlockJUnit4ClassRunner.java:57)
	at org.junit.runners.ParentRunner$3.run(ParentRunner.java:290)
	at org.junit.runners.ParentRunner$1.schedule(ParentRunner.java:71)
	at org.junit.runners.ParentRunner.runChildren(ParentRunner.java:288)
	at org.junit.runners.ParentRunner.access$000(ParentRunner.java:58)
	at org.junit.runners.ParentRunner$2.evaluate(ParentRunner.java:268)
	at org.junit.internal.runners.statements.RunBefores.evaluate(RunBefores.java:26)
	at org.junit.runners.ParentRunner.run(ParentRunner.java:363)
	at org.apache.maven.surefire.junit4.JUnit4TestSet.execute(JUnit4TestSet.java:53)
	at org.apache.maven.surefire.junit4.JUnit4Provider.executeTestSet(JUnit4Provider.java:123)
	at org.apache.maven.surefire.junit4.JUnit4Provider.invoke(JUnit4Provider.java:104)
	at sun.reflect.NativeMethodAccessorImpl.invoke0(Native Method)
	at sun.reflect.NativeMethodAccessorImpl.invoke(NativeMethodAccessorImpl.java:62)
	at sun.reflect.DelegatingMethodAccessorImpl.invoke(DelegatingMethodAccessorImpl.java:43)
	at java.lang.reflect.Method.invoke(Method.java:498)
	at org.apache.maven.surefire.util.ReflectionUtils.invokeMethodWithArray(ReflectionUtils.java:164)
	at org.apache.maven.surefire.booter.ProviderFactory$ProviderProxy.invoke(ProviderFactory.java:110)
	at org.apache.maven.surefire.booter.SurefireStarter.invokeProvider(SurefireStarter.java:175)
	at org.apache.maven.surefire.booter.SurefireStarter.runSuitesInProcessWhenForked(SurefireStarter.java:107)
	at org.apache.maven.surefire.booter.ForkedBooter.main(ForkedBooter.java:68)
Caused by: Exception [EclipseLink-4002] (Eclipse Persistence Services - 2.6.1.v20150605-31e8258): org.eclipse.persistence.exceptions.DatabaseException
Internal Exception: com.mysql.jdbc.exceptions.jdbc4.MySQLIntegrityConstraintViolationException: Duplicate entry &apos;ogomez@mail.com.mx34567&apos; for key &apos;email_UNIQUE&apos;
Error Code: 1062
Call: INSERT INTO PERSONA (apellido_materno, apellido_paterno, EMAIL, NOMBRE, TELEFONO) VALUES (?, ?, ?, ?, ?)
	bind =&gt; [Larios, Gomez, ogomez@mail.com.mx34567, Oscar, 55780109]
Query: InsertObjectQuery(Persona [idPersona=null, nombre=Oscar, apePaterno=Gomez, apeMaterno=Larios, email=ogomez@mail.com.mx34567, telefono=55780109])
	at org.eclipse.persistence.exceptions.DatabaseException.sqlException(DatabaseException.java:331)
	at org.eclipse.persistence.internal.databaseaccess.DatabaseAccessor.executeDirectNoSelect(DatabaseAccessor.java:902)
	at org.eclipse.persistence.internal.databaseaccess.DatabaseAccessor.executeNoSelect(DatabaseAccessor.java:964)
	at org.eclipse.persistence.internal.databaseaccess.DatabaseAccessor.basicExecuteCall(DatabaseAccessor.java:633)
	at org.eclipse.persistence.internal.databaseaccess.DatabaseAccessor.executeCall(DatabaseAccessor.java:560)
	at org.eclipse.persistence.internal.sessions.AbstractSession.basicExecuteCall(AbstractSession.java:2055)
	at org.eclipse.persistence.sessions.server.ClientSession.executeCall(ClientSession.java:306)
	at org.eclipse.persistence.internal.queries.DatasourceCallQueryMechanism.executeCall(DatasourceCallQueryMechanism.java:242)
	at org.eclipse.persistence.internal.queries.DatasourceCallQueryMechanism.executeCall(DatasourceCallQueryMechanism.java:228)
	at org.eclipse.persistence.internal.queries.DatasourceCallQueryMechanism.insertObject(DatasourceCallQueryMechanism.java:377)
	at org.eclipse.persistence.internal.queries.StatementQueryMechanism.insertObject(StatementQueryMechanism.java:165)
	at org.eclipse.persistence.internal.queries.StatementQueryMechanism.insertObject(StatementQueryMechanism.java:180)
	at org.eclipse.persistence.internal.queries.DatabaseQueryMechanism.insertObjectForWrite(DatabaseQueryMechanism.java:489)
	at org.eclipse.persistence.queries.InsertObjectQuery.executeCommit(InsertObjectQuery.java:80)
	at org.eclipse.persistence.queries.InsertObjectQuery.executeCommitWithChangeSet(InsertObjectQuery.java:90)
	at org.eclipse.persistence.internal.queries.DatabaseQueryMechanism.executeWriteWithChangeSet(DatabaseQueryMechanism.java:301)
	at org.eclipse.persistence.queries.WriteObjectQuery.executeDatabaseQuery(WriteObjectQuery.java:58)
	at org.eclipse.persistence.queries.DatabaseQuery.execute(DatabaseQuery.java:904)
	at org.eclipse.persistence.queries.DatabaseQuery.executeInUnitOfWork(DatabaseQuery.java:803)
	at org.eclipse.persistence.queries.ObjectLevelModifyQuery.executeInUnitOfWorkObjectLevelModifyQuery(ObjectLevelModifyQuery.java:108)
	at org.eclipse.persistence.queries.ObjectLevelModifyQuery.executeInUnitOfWork(ObjectLevelModifyQuery.java:85)
	at org.eclipse.persistence.internal.sessions.UnitOfWorkImpl.internalExecuteQuery(UnitOfWorkImpl.java:2896)
	at org.eclipse.persistence.internal.sessions.AbstractSession.executeQuery(AbstractSession.java:1857)
	at org.eclipse.persistence.internal.sessions.AbstractSession.executeQuery(AbstractSession.java:1839)
	at org.eclipse.persistence.internal.sessions.AbstractSession.executeQuery(AbstractSession.java:1790)
	at org.eclipse.persistence.internal.sessions.CommitManager.commitNewObjectsForClassWithChangeSet(CommitManager.java:227)
	at org.eclipse.persistence.internal.sessions.CommitManager.commitAllObjectsWithChangeSet(CommitManager.java:126)
	at org.eclipse.persistence.internal.sessions.AbstractSession.writeAllObjectsWithChangeSet(AbstractSession.java:4260)
	at org.eclipse.persistence.internal.sessions.UnitOfWorkImpl.commitToDatabase(UnitOfWorkImpl.java:1441)
	at org.eclipse.persistence.internal.sessions.UnitOfWorkImpl.commitToDatabaseWithChangeSet(UnitOfWorkImpl.java:1531)
	at org.eclipse.persistence.internal.sessions.RepeatableWriteUnitOfWork.commitRootUnitOfWork(RepeatableWriteUnitOfWork.java:278)
	at org.eclipse.persistence.internal.sessions.UnitOfWorkImpl.commitAndResume(UnitOfWorkImpl.java:1169)
	at org.eclipse.persistence.internal.jpa.transaction.EntityTransactionImpl.commit(EntityTransactionImpl.java:134)
	... 33 more
Caused by: com.mysql.jdbc.exceptions.jdbc4.MySQLIntegrityConstraintViolationException: Duplicate entry &apos;ogomez@mail.com.mx34567&apos; for key &apos;email_UNIQUE&apos;
	at sun.reflect.NativeConstructorAccessorImpl.newInstance0(Native Method)
	at sun.reflect.NativeConstructorAccessorImpl.newInstance(NativeConstructorAccessorImpl.java:62)
	at sun.reflect.DelegatingConstructorAccessorImpl.newInstance(DelegatingConstructorAccessorImpl.java:45)
	at java.lang.reflect.Constructor.newInstance(Constructor.java:423)
	at com.mysql.jdbc.Util.handleNewInstance(Util.java:425)
	at com.mysql.jdbc.Util.getInstance(Util.java:408)
	at com.mysql.jdbc.SQLError.createSQLException(SQLError.java:935)
	at com.mysql.jdbc.MysqlIO.checkErrorPacket(MysqlIO.java:3973)
	at com.mysql.jdbc.MysqlIO.checkErrorPacket(MysqlIO.java:3909)
	at com.mysql.jdbc.MysqlIO.sendCommand(MysqlIO.java:2527)
	at com.mysql.jdbc.MysqlIO.sqlQueryDirect(MysqlIO.java:2680)
	at com.mysql.jdbc.ConnectionImpl.execSQL(ConnectionImpl.java:2501)
	at com.mysql.jdbc.PreparedStatement.executeInternal(PreparedStatement.java:1858)
	at com.mysql.jdbc.PreparedStatement.executeUpdateInternal(PreparedStatement.java:2079)
	at com.mysql.jdbc.PreparedStatement.executeUpdateInternal(PreparedStatement.java:2013)
	at com.mysql.jdbc.PreparedStatement.executeLargeUpdate(PreparedStatement.java:5104)
	at com.mysql.jdbc.PreparedStatement.executeUpdate(PreparedStatement.java:1998)
	at org.eclipse.persistence.internal.databaseaccess.DatabaseAccessor.executeDirectNoSelect(DatabaseAccessor.java:892)
	... 64 more
</error>
    <system-out>[EL Info]: server: 2017-04-28 10:14:57.958--Detected server platform: org.eclipse.persistence.platform.server.NoServerPlatform.
[EL Info]: server: 2017-04-28 10:14:58.198--ServerSession(447212746)--Detected server platform: org.eclipse.persistence.platform.server.NoServerPlatform.
[EL Info]: server: 2017-04-28 10:14:59.829--Detected server platform: org.eclipse.persistence.platform.server.NoServerPlatform.
[EL Info]: server: 2017-04-28 10:14:59.829--ServerSession(447212746)--Detected server platform: org.eclipse.persistence.platform.server.NoServerPlatform.
[EL Info]: 2017-04-28 10:15:00.7--ServerSession(447212746)--EclipseLink, version: Eclipse Persistence Services - 2.6.1.v20150605-31e8258
[EL Info]: connection: 2017-04-28 10:15:01.707--ServerSession(447212746)--/file:/C:/Cursos/JavaEE/Leccion03/holamundo-jpa/target/classes/_PersonaPU login successful
10:15:01 [main] DEBUG  - Iniciando test Persona Entity con JPA
10:15:01 [main] DEBUG  - Objeto a persistir:Persona [idPersona=null, nombre=Oscar, apePaterno=Gomez, apeMaterno=Larios, email=ogomez@mail.com.mx34567, telefono=55780109]
[EL Fine]: sql: 2017-04-28 10:15:01.998--ClientSession(465869765)--Connection(2070830098)--INSERT INTO PERSONA (apellido_materno, apellido_paterno, EMAIL, NOMBRE, TELEFONO) VALUES (?, ?, ?, ?, ?)
	bind =&gt; [Larios, Gomez, ogomez@mail.com.mx34567, Oscar, 55780109]
[EL Fine]: sql: 2017-04-28 10:15:02.102--ClientSession(465869765)--SELECT 1
[EL Warning]: 2017-04-28 10:15:02.105--UnitOfWork(1998103567)--Exception [EclipseLink-4002] (Eclipse Persistence Services - 2.6.1.v20150605-31e8258): org.eclipse.persistence.exceptions.DatabaseException
Internal Exception: com.mysql.jdbc.exceptions.jdbc4.MySQLIntegrityConstraintViolationException: Duplicate entry &apos;ogomez@mail.com.mx34567&apos; for key &apos;email_UNIQUE&apos;
Error Code: 1062
Call: INSERT INTO PERSONA (apellido_materno, apellido_paterno, EMAIL, NOMBRE, TELEFONO) VALUES (?, ?, ?, ?, ?)
	bind =&gt; [Larios, Gomez, ogomez@mail.com.mx34567, Oscar, 55780109]
Query: InsertObjectQuery(Persona [idPersona=null, nombre=Oscar, apePaterno=Gomez, apeMaterno=Larios, email=ogomez@mail.com.mx34567, telefono=55780109])
</system-out>
    <system-err>abr 28, 2017 10:14:59 AM org.hibernate.validator.internal.util.Version &lt;clinit&gt;
INFO: HV000001: Hibernate Validator 5.1.2.Final
</system-err>
  </testcase>
</testsuite>